Using pre-set license
Built from '2020.3/staging' branch; Version is '2020.3.20f1 (41c4e627c95f) revision 4310246'; Using compiler version '192528614'; Build Type 'Release'
OS: 'Windows 10 Pro; OS build 19045.2604; Version 2009; 64bit' Language: 'en' Physical Memory: 16327 MB
BatchMode: 1, IsHumanControllingUs: 0, StartBugReporterOnCrash: 0, Is64bit: 1, IsPro: 0

COMMAND LINE ARGUMENTS:
C:\Program Files\Unity\Hub\Editor\2020.3.20f1\Editor\Unity.exe
-adb2
-batchMode
-noUpm
-name
AssetImportWorker1
-projectPath
C:/Users/Kurados/Documents/GitHub/RFSM/RFSM
-logFile
Logs/AssetImportWorker1.log
-srvPort
63160
Successfully changed project path to: C:/Users/Kurados/Documents/GitHub/RFSM/RFSM
C:/Users/Kurados/Documents/GitHub/RFSM/RFSM
Using Asset Import Pipeline V2.
Refreshing native plugins compatible for Editor in 73.92 ms, found 2 plugins.
Preloading 0 native plugins for Editor in 0.00 ms.
Initialize engine version: 2020.3.20f1 (41c4e627c95f)
[Subsystems] Discovering subsystems at path C:/Program Files/Unity/Hub/Editor/2020.3.20f1/Editor/Data/Resources/UnitySubsystems
[Subsystems] Discovering subsystems at path C:/Users/Kurados/Documents/GitHub/RFSM/RFSM/Assets
GfxDevice: creating device client; threaded=0
Direct3D:
    Version:  Direct3D 11.0 [level 11.1]
    Renderer: NVIDIA GeForce GTX 1050 Ti (ID=0x1c82)
    Vendor:   
    VRAM:     4017 MB
    Driver:   31.0.15.2849
Initialize mono
Mono path[0] = 'C:/Program Files/Unity/Hub/Editor/2020.3.20f1/Editor/Data/Managed'
Mono path[1] = 'C:/Program Files/Unity/Hub/Editor/2020.3.20f1/Editor/Data/MonoBleedingEdge/lib/mono/unityjit'
Mono config path = 'C:/Program Files/Unity/Hub/Editor/2020.3.20f1/Editor/Data/MonoBleedingEdge/etc'
Using monoOptions --debugger-agent=transport=dt_socket,embedding=1,server=y,suspend=n,address=127.0.0.1:56012
Begin MonoManager ReloadAssembly
Registering precompiled unity dll's ...
Register platform support module: C:/Program Files/Unity/Hub/Editor/2020.3.20f1/Editor/Data/PlaybackEngines/WindowsStandaloneSupport/UnityEditor.WindowsStandalone.Extensions.dll
Registered in 0.002359 seconds.
Native extension for WindowsStandalone target not found
Refreshing native plugins compatible for Editor in 71.37 ms, found 2 plugins.
Preloading 0 native plugins for Editor in 0.00 ms.
Mono: successfully reloaded assembly
- Completed reload, in  2.465 seconds
Domain Reload Profiling:
	ReloadAssembly (2465ms)
		BeginReloadAssembly (67ms)
			ExecutionOrderSort (0ms)
			DisableScriptedObjects (0ms)
			BackupInstance (0ms)
			ReleaseScriptingObjects (0ms)
			CreateAndSetChildDomain (1ms)
		EndReloadAssembly (597ms)
			LoadAssemblies (64ms)
			RebuildTransferFunctionScriptingTraits (0ms)
			SetupTypeCache (229ms)
			ReleaseScriptCaches (0ms)
			RebuildScriptCaches (35ms)
			SetupLoadedEditorAssemblies (237ms)
				LogAssemblyErrors (0ms)
				InitializePlatformSupportModulesInManaged (5ms)
				SetLoadedEditorAssemblies (0ms)
				RefreshPlugins (71ms)
				BeforeProcessingInitializeOnLoad (20ms)
				ProcessInitializeOnLoadAttributes (101ms)
				ProcessInitializeOnLoadMethodAttributes (39ms)
				AfterProcessingInitializeOnLoad (0ms)
				EditorAssembliesLoaded (0ms)
			ExecutionOrderSort2 (0ms)
			AwakeInstancesAfterBackupRestoration (0ms)
Platform modules already initialized, skipping
Registering precompiled user dll's ...
Registered in 0.005351 seconds.
Begin MonoManager ReloadAssembly
Native extension for WindowsStandalone target not found
Refreshing native plugins compatible for Editor in 68.52 ms, found 2 plugins.
Preloading 0 native plugins for Editor in 0.00 ms.
Mono: successfully reloaded assembly
- Completed reload, in  5.223 seconds
Domain Reload Profiling:
	ReloadAssembly (5229ms)
		BeginReloadAssembly (179ms)
			ExecutionOrderSort (0ms)
			DisableScriptedObjects (6ms)
			BackupInstance (0ms)
			ReleaseScriptingObjects (0ms)
			CreateAndSetChildDomain (23ms)
		EndReloadAssembly (4965ms)
			LoadAssemblies (3701ms)
			RebuildTransferFunctionScriptingTraits (0ms)
			SetupTypeCache (478ms)
			ReleaseScriptCaches (1ms)
			RebuildScriptCaches (65ms)
			SetupLoadedEditorAssemblies (458ms)
				LogAssemblyErrors (0ms)
				InitializePlatformSupportModulesInManaged (6ms)
				SetLoadedEditorAssemblies (0ms)
				RefreshPlugins (69ms)
				BeforeProcessingInitializeOnLoad (115ms)
				ProcessInitializeOnLoadAttributes (254ms)
				ProcessInitializeOnLoadMethodAttributes (6ms)
				AfterProcessingInitializeOnLoad (8ms)
				EditorAssembliesLoaded (0ms)
			ExecutionOrderSort2 (0ms)
			AwakeInstancesAfterBackupRestoration (9ms)
Platform modules already initialized, skipping
========================================================================
Worker process is ready to serve import requests
Launched and connected shader compiler UnityShaderCompiler.exe after 0.10 seconds
Refreshing native plugins compatible for Editor in 0.74 ms, found 2 plugins.
Preloading 0 native plugins for Editor in 0.00 ms.
Unloading 2895 Unused Serialized files (Serialized files now loaded: 0)
System memory in use before: 132.1 MB.
System memory in use after: 132.3 MB.

Unloading 17 unused Assets to reduce memory usage. Loaded Objects now: 3331.
Total: 4.034600 ms (FindLiveObjects: 0.272900 ms CreateObjectMapping: 0.146800 ms MarkObjects: 3.515100 ms  DeleteObjects: 0.098600 ms)

AssetImportParameters requested are different than current active one (requested -> active):
  custom:framework-win-MediaFoundation: 216162199b28c13a410421893ffa2e32 -> 
  custom:video-decoder-ogg-theora: a1e56fd34408186e4bbccfd4996cb3dc -> 
  custom:container-muxer-webm: aa71ff27fc2769a1b78a27578f13a17b -> 
  custom:container-demuxer-webm: 4f35f7cbe854078d1ac9338744f61a02 -> 
  custom:container-demuxer-ogg: 62fdf1f143b41e24485cea50d1cbac27 -> 
  custom:video-encoder-webm-vp8: eb34c28f22e8b96e1ab97ce403110664 -> 
  custom:video-decoder-webm-vp8: 9c59270c3fd7afecdb556c50c9e8de78 -> 
  custom:audio-decoder-ogg-vorbis: bf7c407c2cedff20999df2af8eb42d56 -> 
  custom:audio-encoder-webm-vorbis: bf7c407c2cedff20999df2af8eb42d56 -> 
========================================================================
Received Import Request.
  path: Assets/Scenes/CharacterSelect.unity
  artifactKey: Guid(62faee57054e46e4f913ba071f323514) Importer(815301076,1909f56bfc062723c751e8b465ee728b)
Start importing Assets/Scenes/CharacterSelect.unity using Guid(62faee57054e46e4f913ba071f323514) Importer(815301076,1909f56bfc062723c751e8b465ee728b)  -> (artifact id: '205ca3ce4d9bc4de858f60740e74173c') in 0.022751 seconds 
  Import took 0.028327 seconds .

========================================================================
Received Import Request.
  Time since last request: 1465.313485 seconds.
  path: Assets/dummy/Basic Motions/Animations/Idles/BasicMotions@Idle01.fbx
  artifactKey: Guid(a3422ad278cd9a94aa3da8e6bff9deea) Importer(815301076,1909f56bfc062723c751e8b465ee728b)
Start importing Assets/dummy/Basic Motions/Animations/Idles/BasicMotions@Idle01.fbx using Guid(a3422ad278cd9a94aa3da8e6bff9deea) Importer(815301076,1909f56bfc062723c751e8b465ee728b)  -> (artifact id: '7c671feb6bbc97225045fef60ba8f886') in 0.102346 seconds 
  Import took 0.109217 seconds .

========================================================================
Received Import Request.
  Time since last request: 47.860776 seconds.
  path: Assets/3D character/Prefabs/Character/RPG-Character-NPC.prefab
  artifactKey: Guid(5ea6e0b5afd24ff4db553230913ba424) Importer(815301076,1909f56bfc062723c751e8b465ee728b)
Start importing Assets/3D character/Prefabs/Character/RPG-Character-NPC.prefab using Guid(5ea6e0b5afd24ff4db553230913ba424) Importer(815301076,1909f56bfc062723c751e8b465ee728b)  -> (artifact id: '412c12ab62535be5eef908614a8cd5f3') in 1.522268 seconds 
  Import took 1.535460 seconds .

========================================================================
Received Import Request.
  Time since last request: 1.188117 seconds.
  path: Assets/3D character/Prefabs/Character/RPG-Character.prefab
  artifactKey: Guid(b1cc94d26cd016d479aa5b522d88da0a) Importer(815301076,1909f56bfc062723c751e8b465ee728b)
Start importing Assets/3D character/Prefabs/Character/RPG-Character.prefab using Guid(b1cc94d26cd016d479aa5b522d88da0a) Importer(815301076,1909f56bfc062723c751e8b465ee728b)  -> (artifact id: 'ba4a4fcea08164ed853830a8465eecc7') in 0.171300 seconds 
  Import took 0.184229 seconds .

========================================================================
Received Prepare
Registering precompiled user dll's ...
Registered in 0.004500 seconds.
Begin MonoManager ReloadAssembly
Native extension for WindowsStandalone target not found
Refreshing native plugins compatible for Editor in 0.67 ms, found 2 plugins.
Preloading 0 native plugins for Editor in 0.00 ms.
Mono: successfully reloaded assembly
- Completed reload, in  1.384 seconds
Domain Reload Profiling:
	ReloadAssembly (1384ms)
		BeginReloadAssembly (159ms)
			ExecutionOrderSort (0ms)
			DisableScriptedObjects (8ms)
			BackupInstance (0ms)
			ReleaseScriptingObjects (0ms)
			CreateAndSetChildDomain (49ms)
		EndReloadAssembly (1139ms)
			LoadAssemblies (110ms)
			RebuildTransferFunctionScriptingTraits (0ms)
			SetupTypeCache (400ms)
			ReleaseScriptCaches (2ms)
			RebuildScriptCaches (51ms)
			SetupLoadedEditorAssemblies (360ms)
				LogAssemblyErrors (0ms)
				InitializePlatformSupportModulesInManaged (5ms)
				SetLoadedEditorAssemblies (1ms)
				RefreshPlugins (1ms)
				BeforeProcessingInitializeOnLoad (110ms)
				ProcessInitializeOnLoadAttributes (230ms)
				ProcessInitializeOnLoadMethodAttributes (5ms)
				AfterProcessingInitializeOnLoad (8ms)
				EditorAssembliesLoaded (0ms)
			ExecutionOrderSort2 (0ms)
			AwakeInstancesAfterBackupRestoration (19ms)
Platform modules already initialized, skipping
Refreshing native plugins compatible for Editor in 0.66 ms, found 2 plugins.
Preloading 0 native plugins for Editor in 0.00 ms.
Unloading 2771 Unused Serialized files (Serialized files now loaded: 0)
System memory in use before: 142.4 MB.
System memory in use after: 142.6 MB.

Unloading 12 unused Assets to reduce memory usage. Loaded Objects now: 3379.
Total: 4.298700 ms (FindLiveObjects: 0.372300 ms CreateObjectMapping: 0.283900 ms MarkObjects: 3.600300 ms  DeleteObjects: 0.041100 ms)

AssetImportParameters requested are different than current active one (requested -> active):
  custom:framework-win-MediaFoundation: 216162199b28c13a410421893ffa2e32 -> 
  custom:video-decoder-ogg-theora: a1e56fd34408186e4bbccfd4996cb3dc -> 
  custom:container-muxer-webm: aa71ff27fc2769a1b78a27578f13a17b -> 
  custom:container-demuxer-webm: 4f35f7cbe854078d1ac9338744f61a02 -> 
  custom:container-demuxer-ogg: 62fdf1f143b41e24485cea50d1cbac27 -> 
  custom:video-encoder-webm-vp8: eb34c28f22e8b96e1ab97ce403110664 -> 
  custom:video-decoder-webm-vp8: 9c59270c3fd7afecdb556c50c9e8de78 -> 
  custom:audio-decoder-ogg-vorbis: bf7c407c2cedff20999df2af8eb42d56 -> 
  custom:audio-encoder-webm-vorbis: bf7c407c2cedff20999df2af8eb42d56 -> 
========================================================================
Received Prepare
Registering precompiled user dll's ...
Registered in 0.005408 seconds.
Begin MonoManager ReloadAssembly
Native extension for WindowsStandalone target not found
Refreshing native plugins compatible for Editor in 0.85 ms, found 2 plugins.
Preloading 0 native plugins for Editor in 0.00 ms.
Mono: successfully reloaded assembly
- Completed reload, in  1.342 seconds
Domain Reload Profiling:
	ReloadAssembly (1342ms)
		BeginReloadAssembly (155ms)
			ExecutionOrderSort (0ms)
			DisableScriptedObjects (6ms)
			BackupInstance (0ms)
			ReleaseScriptingObjects (0ms)
			CreateAndSetChildDomain (49ms)
		EndReloadAssembly (1101ms)
			LoadAssemblies (115ms)
			RebuildTransferFunctionScriptingTraits (0ms)
			SetupTypeCache (389ms)
			ReleaseScriptCaches (2ms)
			RebuildScriptCaches (53ms)
			SetupLoadedEditorAssemblies (369ms)
				LogAssemblyErrors (0ms)
				InitializePlatformSupportModulesInManaged (5ms)
				SetLoadedEditorAssemblies (1ms)
				RefreshPlugins (1ms)
				BeforeProcessingInitializeOnLoad (108ms)
				ProcessInitializeOnLoadAttributes (240ms)
				ProcessInitializeOnLoadMethodAttributes (5ms)
				AfterProcessingInitializeOnLoad (9ms)
				EditorAssembliesLoaded (0ms)
			ExecutionOrderSort2 (0ms)
			AwakeInstancesAfterBackupRestoration (21ms)
Platform modules already initialized, skipping
Refreshing native plugins compatible for Editor in 0.85 ms, found 2 plugins.
Preloading 0 native plugins for Editor in 0.00 ms.
Unloading 2771 Unused Serialized files (Serialized files now loaded: 0)
System memory in use before: 142.5 MB.
System memory in use after: 142.7 MB.

Unloading 12 unused Assets to reduce memory usage. Loaded Objects now: 3381.
Total: 4.433900 ms (FindLiveObjects: 0.374300 ms CreateObjectMapping: 0.287100 ms MarkObjects: 3.739700 ms  DeleteObjects: 0.031300 ms)

AssetImportParameters requested are different than current active one (requested -> active):
  custom:framework-win-MediaFoundation: 216162199b28c13a410421893ffa2e32 -> 
  custom:video-decoder-ogg-theora: a1e56fd34408186e4bbccfd4996cb3dc -> 
  custom:container-muxer-webm: aa71ff27fc2769a1b78a27578f13a17b -> 
  custom:container-demuxer-webm: 4f35f7cbe854078d1ac9338744f61a02 -> 
  custom:container-demuxer-ogg: 62fdf1f143b41e24485cea50d1cbac27 -> 
  custom:video-encoder-webm-vp8: eb34c28f22e8b96e1ab97ce403110664 -> 
  custom:video-decoder-webm-vp8: 9c59270c3fd7afecdb556c50c9e8de78 -> 
  custom:audio-decoder-ogg-vorbis: bf7c407c2cedff20999df2af8eb42d56 -> 
  custom:audio-encoder-webm-vorbis: bf7c407c2cedff20999df2af8eb42d56 -> 
========================================================================
Received Import Request.
  Time since last request: 981.455270 seconds.
  path: Assets/3D character/Models/Characters
  artifactKey: Guid(cc05a72d177dd294db973bcf4fd354ff) Importer(815301076,1909f56bfc062723c751e8b465ee728b)
Start importing Assets/3D character/Models/Characters using Guid(cc05a72d177dd294db973bcf4fd354ff) Importer(815301076,1909f56bfc062723c751e8b465ee728b)  -> (artifact id: '72ed870eadacd2116d45b79095ffc26a') in 0.015677 seconds 
  Import took 0.023075 seconds .

========================================================================
Received Import Request.
  Time since last request: 0.750591 seconds.
  path: Assets/3D character/Models/Characters/RPG-Character-Bones.FBX
  artifactKey: Guid(25f76e473f551e64a8438e7c32a0ec8e) Importer(815301076,1909f56bfc062723c751e8b465ee728b)
Start importing Assets/3D character/Models/Characters/RPG-Character-Bones.FBX using Guid(25f76e473f551e64a8438e7c32a0ec8e) Importer(815301076,1909f56bfc062723c751e8b465ee728b)  -> (artifact id: '73ba824c8c4cd4acdeb18cff9310cbb5') in 0.296881 seconds 
  Import took 0.303175 seconds .

========================================================================
Received Import Request.
  Time since last request: 1070.407871 seconds.
  path: Assets/3D character/Models/Characters/BlenderImportSettings.png
  artifactKey: Guid(4a9d34802fc8cec4ebaafb7b352d45bc) Importer(815301076,1909f56bfc062723c751e8b465ee728b)
Start importing Assets/3D character/Models/Characters/BlenderImportSettings.png using Guid(4a9d34802fc8cec4ebaafb7b352d45bc) Importer(815301076,1909f56bfc062723c751e8b465ee728b)  -> (artifact id: 'e047abe36a7241fbd1733898b845d55b') in 0.051048 seconds 
  Import took 0.058308 seconds .

========================================================================
Received Import Request.
  Time since last request: 1485.202559 seconds.
  path: Assets/Scenes/Main.unity
  artifactKey: Guid(e3c250257b8ba31499bb35a7bb487d5a) Importer(815301076,1909f56bfc062723c751e8b465ee728b)
Start importing Assets/Scenes/Main.unity using Guid(e3c250257b8ba31499bb35a7bb487d5a) Importer(815301076,1909f56bfc062723c751e8b465ee728b)  -> (artifact id: '2467866da8ff90fec7a39ff6a22a869a') in 0.010983 seconds 
  Import took 0.017140 seconds .

========================================================================
Received Import Request.
  Time since last request: 7.882258 seconds.
  path: Assets/Scenes/CharacterSelect.unity
  artifactKey: Guid(62faee57054e46e4f913ba071f323514) Importer(815301076,1909f56bfc062723c751e8b465ee728b)
Start importing Assets/Scenes/CharacterSelect.unity using Guid(62faee57054e46e4f913ba071f323514) Importer(815301076,1909f56bfc062723c751e8b465ee728b)  -> (artifact id: 'c92933dd719ba41fb862e347fbec9d55') in 0.002930 seconds 
  Import took 0.008653 seconds .

========================================================================
Received Import Request.
  Time since last request: 8.426317 seconds.
  path: Assets/dummy/Basic Motions/Prefabs/BasicMotionsDummy.prefab
  artifactKey: Guid(7856c197eb4c77840878eba92e1c48b7) Importer(815301076,1909f56bfc062723c751e8b465ee728b)
Start importing Assets/dummy/Basic Motions/Prefabs/BasicMotionsDummy.prefab using Guid(7856c197eb4c77840878eba92e1c48b7) Importer(815301076,1909f56bfc062723c751e8b465ee728b)  -> (artifact id: '43515b1b450c8198fd393479274652cd') in 0.086959 seconds 
  Import took 0.093650 seconds .

========================================================================
Received Import Request.
  Time since last request: 59.295642 seconds.
  path: Assets/dummy/Basic Motions/Animations/Social/Conversation/BasicMotions@Talk01.fbx
  artifactKey: Guid(d42c5615ec78fc34cbcaf031b2975360) Importer(815301076,1909f56bfc062723c751e8b465ee728b)
Start importing Assets/dummy/Basic Motions/Animations/Social/Conversation/BasicMotions@Talk01.fbx using Guid(d42c5615ec78fc34cbcaf031b2975360) Importer(815301076,1909f56bfc062723c751e8b465ee728b)  -> (artifact id: '19cff71dcc1eafac5830bd18298b9838') in 0.020404 seconds 
  Import took 0.027500 seconds .

========================================================================
Received Import Request.
  Time since last request: 23.952592 seconds.
  path: Assets/Scenes/MainMenu.unity
  artifactKey: Guid(7e02452589e9e604c96878a9dede668a) Importer(815301076,1909f56bfc062723c751e8b465ee728b)
Start importing Assets/Scenes/MainMenu.unity using Guid(7e02452589e9e604c96878a9dede668a) Importer(815301076,1909f56bfc062723c751e8b465ee728b)  -> (artifact id: '7ba4ed354fbbffb4429872f76eea3f3d') in 0.010892 seconds 
  Import took 0.016729 seconds .

========================================================================
Received Import Request.
  Time since last request: 1.562770 seconds.
  path: Assets/Scenes/CharacterSelect.unity
  artifactKey: Guid(62faee57054e46e4f913ba071f323514) Importer(815301076,1909f56bfc062723c751e8b465ee728b)
Start importing Assets/Scenes/CharacterSelect.unity using Guid(62faee57054e46e4f913ba071f323514) Importer(815301076,1909f56bfc062723c751e8b465ee728b)  -> (artifact id: '9ac96511507199e491e764ef368bcc9d') in 0.003217 seconds 
  Import took 0.008685 seconds .

========================================================================
Received Import Request.
  Time since last request: 246.810328 seconds.
  path: Assets/3D character/Prefabs/Character/RPG-Character-NPC.prefab
  artifactKey: Guid(5ea6e0b5afd24ff4db553230913ba424) Importer(815301076,1909f56bfc062723c751e8b465ee728b)
Start importing Assets/3D character/Prefabs/Character/RPG-Character-NPC.prefab using Guid(5ea6e0b5afd24ff4db553230913ba424) Importer(815301076,1909f56bfc062723c751e8b465ee728b)  -> (artifact id: '09e739ef7e0973df9cbfb54bf645a86e') in 0.201220 seconds 
  Import took 0.214290 seconds .

========================================================================
Received Import Request.
  Time since last request: 39.925290 seconds.
  path: Assets/3D character/Prefabs/Character/RPG-Character.prefab
  artifactKey: Guid(b1cc94d26cd016d479aa5b522d88da0a) Importer(815301076,1909f56bfc062723c751e8b465ee728b)
Start importing Assets/3D character/Prefabs/Character/RPG-Character.prefab using Guid(b1cc94d26cd016d479aa5b522d88da0a) Importer(815301076,1909f56bfc062723c751e8b465ee728b)  -> (artifact id: 'cc0d10b0dbb5022aa8d64ed997c65c43') in 0.180545 seconds 
  Import took 0.193567 seconds .

========================================================================
Received Import Request.
  Time since last request: 9.226352 seconds.
  path: Assets/3D character/Models/Characters/RPG-Character.FBX
  artifactKey: Guid(e57e9b8cd5e115f4f8d7736473e5c7fd) Importer(815301076,1909f56bfc062723c751e8b465ee728b)
Start importing Assets/3D character/Models/Characters/RPG-Character.FBX using Guid(e57e9b8cd5e115f4f8d7736473e5c7fd) Importer(815301076,1909f56bfc062723c751e8b465ee728b)  -> (artifact id: '96e9badbff1b142c579c657646bab2a2') in 0.038966 seconds 
  Import took 0.045198 seconds .

========================================================================
Received Import Request.
  Time since last request: 5.968013 seconds.
  path: Assets/3D character/Avatars/RPG-Character-Avatar.ht
  artifactKey: Guid(ac07db581df5b45479d59af3b97b685e) Importer(815301076,1909f56bfc062723c751e8b465ee728b)
Start importing Assets/3D character/Avatars/RPG-Character-Avatar.ht using Guid(ac07db581df5b45479d59af3b97b685e) Importer(815301076,1909f56bfc062723c751e8b465ee728b)  -> (artifact id: 'a9e7538145c3ae4648ae509c8a9ff2d5') in 0.012929 seconds 
  Import took 0.019690 seconds .

========================================================================
Received Import Request.
  Time since last request: 0.556689 seconds.
  path: Assets/3D character/Avatars/RPG-Character-Upperbody-AvatarMask.mask
  artifactKey: Guid(87216dbdf7dd8a047817768e0beb23b2) Importer(815301076,1909f56bfc062723c751e8b465ee728b)
Start importing Assets/3D character/Avatars/RPG-Character-Upperbody-AvatarMask.mask using Guid(87216dbdf7dd8a047817768e0beb23b2) Importer(815301076,1909f56bfc062723c751e8b465ee728b)  -> (artifact id: 'c813a0f80717c4557cf404deafb2d5e0') in 0.011103 seconds 
  Import took 0.018132 seconds .

========================================================================
Received Import Request.
  Time since last request: 12.542499 seconds.
  path: Assets/3D character/Animations/2Hand-Sword/RPG-Character@2Hand-Sword-Attack1.FBX
  artifactKey: Guid(dce280ced5e006c4cb0eb0fab2f51b75) Importer(815301076,1909f56bfc062723c751e8b465ee728b)
Start importing Assets/3D character/Animations/2Hand-Sword/RPG-Character@2Hand-Sword-Attack1.FBX using Guid(dce280ced5e006c4cb0eb0fab2f51b75) Importer(815301076,1909f56bfc062723c751e8b465ee728b)  -> (artifact id: '685a259e696e6788b31c19ca591a8a69') in 0.019988 seconds 
  Import took 0.028138 seconds .

========================================================================
Received Import Request.
  Time since last request: 0.781877 seconds.
  path: Assets/3D character/Animations/2Hand-Sword/RPG-Character@2Hand-Sword-Attack2.FBX
  artifactKey: Guid(7b5b17e2d42e0424f9c36012595dc9b6) Importer(815301076,1909f56bfc062723c751e8b465ee728b)
Start importing Assets/3D character/Animations/2Hand-Sword/RPG-Character@2Hand-Sword-Attack2.FBX using Guid(7b5b17e2d42e0424f9c36012595dc9b6) Importer(815301076,1909f56bfc062723c751e8b465ee728b)  -> (artifact id: '55b082bfeada32669f6fb31894c2dd05') in 0.019994 seconds 
  Import took 0.027256 seconds .

========================================================================
Received Import Request.
  Time since last request: 1.350421 seconds.
  path: Assets/3D character/Animations/2Hand-Sword/RPG-Character@2Hand-Sword-Attack6.FBX
  artifactKey: Guid(c9cdccfb9d6cfef4d9992105a94b5d86) Importer(815301076,1909f56bfc062723c751e8b465ee728b)
Start importing Assets/3D character/Animations/2Hand-Sword/RPG-Character@2Hand-Sword-Attack6.FBX using Guid(c9cdccfb9d6cfef4d9992105a94b5d86) Importer(815301076,1909f56bfc062723c751e8b465ee728b)  -> (artifact id: '5e6466deb373a363657496eac315d9f8') in 0.019997 seconds 
  Import took 0.026898 seconds .

========================================================================
Received Import Request.
  Time since last request: 13.017579 seconds.
  path: Assets/3D character/Animation Controller/RPG-Character-Animation-Controller.controller
  artifactKey: Guid(7ff0cf27ed8e9684b9bdd381bab1f846) Importer(815301076,1909f56bfc062723c751e8b465ee728b)
Start importing Assets/3D character/Animation Controller/RPG-Character-Animation-Controller.controller using Guid(7ff0cf27ed8e9684b9bdd381bab1f846) Importer(815301076,1909f56bfc062723c751e8b465ee728b)  -> (artifact id: 'd79322d553593cd1ad599e549f7f32da') in 0.156458 seconds 
  Import took 0.169838 seconds .

========================================================================
Received Import Request.
  Time since last request: 120.823801 seconds.
  path: Assets/3D character/Animations/2Hand-Sword
  artifactKey: Guid(ce1172405a7eec843a79c29478d193e2) Importer(815301076,1909f56bfc062723c751e8b465ee728b)
Start importing Assets/3D character/Animations/2Hand-Sword using Guid(ce1172405a7eec843a79c29478d193e2) Importer(815301076,1909f56bfc062723c751e8b465ee728b)  -> (artifact id: 'c95e55178aea7ceb3cd12ef879d31ec5') in 0.012833 seconds 
  Import took 0.020077 seconds .

========================================================================
Received Import Request.
  Time since last request: 3.004049 seconds.
  path: Assets/3D character/Animations/2Hand-Sword/RPG-Character@2Hand-Sword-Attack3.FBX
  artifactKey: Guid(018ce46eeecfeae4abb8016f2c6841ca) Importer(815301076,1909f56bfc062723c751e8b465ee728b)
Start importing Assets/3D character/Animations/2Hand-Sword/RPG-Character@2Hand-Sword-Attack3.FBX using Guid(018ce46eeecfeae4abb8016f2c6841ca) Importer(815301076,1909f56bfc062723c751e8b465ee728b)  -> (artifact id: '9e9474cb4503a68ebd8dae6a49081470') in 0.023982 seconds 
  Import took 0.030993 seconds .

========================================================================
Received Import Request.
  Time since last request: 128.825112 seconds.
  path: Assets/3D character/Animations/2Hand-Sword/RPG-Character@2Hand-Sword-Run-Right.FBX
  artifactKey: Guid(4f39d99d24b158847b8ff563126be238) Importer(815301076,1909f56bfc062723c751e8b465ee728b)
Start importing Assets/3D character/Animations/2Hand-Sword/RPG-Character@2Hand-Sword-Run-Right.FBX using Guid(4f39d99d24b158847b8ff563126be238) Importer(815301076,1909f56bfc062723c751e8b465ee728b)  -> (artifact id: '3c7d6e13420a347c8b85e93df08c471b') in 0.018047 seconds 
  Import took 0.024785 seconds .

========================================================================
Received Import Request.
  Time since last request: 71.469328 seconds.
  path: Assets/3D character/Animations/2Hand-Sword/RPG-Character@2Hand-Sword-Idle.FBX
  artifactKey: Guid(8370b4128ccb08c4a8944d3f0d66cebc) Importer(815301076,1909f56bfc062723c751e8b465ee728b)
Start importing Assets/3D character/Animations/2Hand-Sword/RPG-Character@2Hand-Sword-Idle.FBX using Guid(8370b4128ccb08c4a8944d3f0d66cebc) Importer(815301076,1909f56bfc062723c751e8b465ee728b)  -> (artifact id: 'e8e96470f68481311b284f124a0a01d1') in 0.018338 seconds 
  Import took 0.024921 seconds .

========================================================================
Received Prepare
Registering precompiled user dll's ...
Registered in 0.007023 seconds.
Begin MonoManager ReloadAssembly
Native extension for WindowsStandalone target not found
Refreshing native plugins compatible for Editor in 0.66 ms, found 2 plugins.
Preloading 0 native plugins for Editor in 0.00 ms.
Mono: successfully reloaded assembly
- Completed reload, in  1.866 seconds
Domain Reload Profiling:
	ReloadAssembly (1867ms)
		BeginReloadAssembly (212ms)
			ExecutionOrderSort (0ms)
			DisableScriptedObjects (11ms)
			BackupInstance (0ms)
			ReleaseScriptingObjects (0ms)
			CreateAndSetChildDomain (92ms)
		EndReloadAssembly (1554ms)
			LoadAssemblies (154ms)
			RebuildTransferFunctionScriptingTraits (0ms)
			SetupTypeCache (561ms)
			ReleaseScriptCaches (2ms)
			RebuildScriptCaches (65ms)
			SetupLoadedEditorAssemblies (531ms)
				LogAssemblyErrors (0ms)
				InitializePlatformSupportModulesInManaged (8ms)
				SetLoadedEditorAssemblies (1ms)
				RefreshPlugins (1ms)
				BeforeProcessingInitializeOnLoad (154ms)
				ProcessInitializeOnLoadAttributes (348ms)
				ProcessInitializeOnLoadMethodAttributes (7ms)
				AfterProcessingInitializeOnLoad (12ms)
				EditorAssembliesLoaded (1ms)
			ExecutionOrderSort2 (0ms)
			AwakeInstancesAfterBackupRestoration (30ms)
Platform modules already initialized, skipping
Refreshing native plugins compatible for Editor in 0.78 ms, found 2 plugins.
Preloading 0 native plugins for Editor in 0.00 ms.
Unloading 2771 Unused Serialized files (Serialized files now loaded: 0)
System memory in use before: 143.5 MB.
System memory in use after: 143.7 MB.

Unloading 12 unused Assets to reduce memory usage. Loaded Objects now: 3424.
Total: 5.750200 ms (FindLiveObjects: 0.760600 ms CreateObjectMapping: 0.328500 ms MarkObjects: 4.634300 ms  DeleteObjects: 0.025100 ms)

AssetImportParameters requested are different than current active one (requested -> active):
  custom:framework-win-MediaFoundation: 216162199b28c13a410421893ffa2e32 -> 
  custom:video-decoder-ogg-theora: a1e56fd34408186e4bbccfd4996cb3dc -> 
  custom:container-muxer-webm: aa71ff27fc2769a1b78a27578f13a17b -> 
  custom:container-demuxer-webm: 4f35f7cbe854078d1ac9338744f61a02 -> 
  custom:container-demuxer-ogg: 62fdf1f143b41e24485cea50d1cbac27 -> 
  custom:video-encoder-webm-vp8: eb34c28f22e8b96e1ab97ce403110664 -> 
  custom:video-decoder-webm-vp8: 9c59270c3fd7afecdb556c50c9e8de78 -> 
  custom:audio-decoder-ogg-vorbis: bf7c407c2cedff20999df2af8eb42d56 -> 
  custom:audio-encoder-webm-vorbis: bf7c407c2cedff20999df2af8eb42d56 -> 
========================================================================
Received Import Request.
  Time since last request: 339.682262 seconds.
  path: Assets/dummy/Basic Motions/AnimationControllers/BasicMotions@Idle.controller
  artifactKey: Guid(a8555c0cff30527479e32562cef9141f) Importer(815301076,1909f56bfc062723c751e8b465ee728b)
Start importing Assets/dummy/Basic Motions/AnimationControllers/BasicMotions@Idle.controller using Guid(a8555c0cff30527479e32562cef9141f) Importer(815301076,1909f56bfc062723c751e8b465ee728b)  -> (artifact id: 'cf70e7eceb2b70b78e44b99c7ad10d41') in 0.072293 seconds 
  Import took 0.080530 seconds .

========================================================================
Received Prepare
Registering precompiled user dll's ...
Registered in 0.015435 seconds.
Begin MonoManager ReloadAssembly
Native extension for WindowsStandalone target not found
Refreshing native plugins compatible for Editor in 0.75 ms, found 2 plugins.
Preloading 0 native plugins for Editor in 0.00 ms.
Mono: successfully reloaded assembly
- Completed reload, in  1.636 seconds
Domain Reload Profiling:
	ReloadAssembly (1636ms)
		BeginReloadAssembly (254ms)
			ExecutionOrderSort (0ms)
			DisableScriptedObjects (95ms)
			BackupInstance (0ms)
			ReleaseScriptingObjects (0ms)
			CreateAndSetChildDomain (57ms)
		EndReloadAssembly (1301ms)
			LoadAssemblies (114ms)
			RebuildTransferFunctionScriptingTraits (0ms)
			SetupTypeCache (497ms)
			ReleaseScriptCaches (2ms)
			RebuildScriptCaches (66ms)
			SetupLoadedEditorAssemblies (413ms)
				LogAssemblyErrors (0ms)
				InitializePlatformSupportModulesInManaged (5ms)
				SetLoadedEditorAssemblies (1ms)
				RefreshPlugins (1ms)
				BeforeProcessingInitializeOnLoad (117ms)
				ProcessInitializeOnLoadAttributes (276ms)
				ProcessInitializeOnLoadMethodAttributes (5ms)
				AfterProcessingInitializeOnLoad (8ms)
				EditorAssembliesLoaded (0ms)
			ExecutionOrderSort2 (0ms)
			AwakeInstancesAfterBackupRestoration (21ms)
Platform modules already initialized, skipping
Refreshing native plugins compatible for Editor in 0.77 ms, found 2 plugins.
Preloading 0 native plugins for Editor in 0.00 ms.
Unloading 2771 Unused Serialized files (Serialized files now loaded: 0)
System memory in use before: 143.5 MB.
System memory in use after: 143.8 MB.

Unloading 12 unused Assets to reduce memory usage. Loaded Objects now: 3426.
Total: 4.689200 ms (FindLiveObjects: 0.524300 ms CreateObjectMapping: 0.237600 ms MarkObjects: 3.905200 ms  DeleteObjects: 0.021200 ms)

AssetImportParameters requested are different than current active one (requested -> active):
  custom:framework-win-MediaFoundation: 216162199b28c13a410421893ffa2e32 -> 
  custom:video-decoder-ogg-theora: a1e56fd34408186e4bbccfd4996cb3dc -> 
  custom:container-muxer-webm: aa71ff27fc2769a1b78a27578f13a17b -> 
  custom:container-demuxer-webm: 4f35f7cbe854078d1ac9338744f61a02 -> 
  custom:container-demuxer-ogg: 62fdf1f143b41e24485cea50d1cbac27 -> 
  custom:video-encoder-webm-vp8: eb34c28f22e8b96e1ab97ce403110664 -> 
  custom:video-decoder-webm-vp8: 9c59270c3fd7afecdb556c50c9e8de78 -> 
  custom:audio-decoder-ogg-vorbis: bf7c407c2cedff20999df2af8eb42d56 -> 
  custom:audio-encoder-webm-vorbis: bf7c407c2cedff20999df2af8eb42d56 -> 
========================================================================
Received Import Request.
  Time since last request: 248.899921 seconds.
  path: Assets/dummy/Basic Motions/Models/BasicMotionsDummyModel.fbx
  artifactKey: Guid(5917c0e93d180a842b61d1ebc62a195c) Importer(815301076,1909f56bfc062723c751e8b465ee728b)
Start importing Assets/dummy/Basic Motions/Models/BasicMotionsDummyModel.fbx using Guid(5917c0e93d180a842b61d1ebc62a195c) Importer(815301076,1909f56bfc062723c751e8b465ee728b)  -> (artifact id: 'ccaa25688aa6239c1f788a6197239a48') in 0.275524 seconds 
  Import took 0.282975 seconds .

========================================================================
Received Import Request.
  Time since last request: 26.031462 seconds.
  path: Assets/3D character/Models/Characters/RPG-Character-Bones.FBX
  artifactKey: Guid(25f76e473f551e64a8438e7c32a0ec8e) Importer(815301076,1909f56bfc062723c751e8b465ee728b)
Start importing Assets/3D character/Models/Characters/RPG-Character-Bones.FBX using Guid(25f76e473f551e64a8438e7c32a0ec8e) Importer(815301076,1909f56bfc062723c751e8b465ee728b)  -> (artifact id: '8f755dd291d45bc7daa98a9576cf5faf') in 0.054570 seconds 
  Import took 0.061304 seconds .

========================================================================
Received Import Request.
  Time since last request: 9.866781 seconds.
  path: Assets/3D character/Models/Characters/RPG-Character.FBX
  artifactKey: Guid(e57e9b8cd5e115f4f8d7736473e5c7fd) Importer(815301076,1909f56bfc062723c751e8b465ee728b)
Start importing Assets/3D character/Models/Characters/RPG-Character.FBX using Guid(e57e9b8cd5e115f4f8d7736473e5c7fd) Importer(815301076,1909f56bfc062723c751e8b465ee728b)  -> (artifact id: 'a61b9802f0177294f5e3712f72779712') in 0.032936 seconds 
  Import took 0.039600 seconds .

========================================================================
Received Import Request.
  Time since last request: 8.288912 seconds.
  path: Assets/3D character/Models/Characters/RPG-Character-Bones.FBX
  artifactKey: Guid(25f76e473f551e64a8438e7c32a0ec8e) Importer(815301076,1909f56bfc062723c751e8b465ee728b)
Start importing Assets/3D character/Models/Characters/RPG-Character-Bones.FBX using Guid(25f76e473f551e64a8438e7c32a0ec8e) Importer(815301076,1909f56bfc062723c751e8b465ee728b)  -> (artifact id: '91745af4e4ae91c62cde37cece53e1be') in 0.038693 seconds 
  Import took 0.045061 seconds .

========================================================================
Received Prepare
Registering precompiled user dll's ...
Registered in 0.004661 seconds.
Begin MonoManager ReloadAssembly
Native extension for WindowsStandalone target not found
Refreshing native plugins compatible for Editor in 0.70 ms, found 2 plugins.
Preloading 0 native plugins for Editor in 0.00 ms.
Mono: successfully reloaded assembly
- Completed reload, in  1.405 seconds
Domain Reload Profiling:
	ReloadAssembly (1406ms)
		BeginReloadAssembly (157ms)
			ExecutionOrderSort (0ms)
			DisableScriptedObjects (8ms)
			BackupInstance (0ms)
			ReleaseScriptingObjects (0ms)
			CreateAndSetChildDomain (49ms)
		EndReloadAssembly (1160ms)
			LoadAssemblies (132ms)
			RebuildTransferFunctionScriptingTraits (0ms)
			SetupTypeCache (416ms)
			ReleaseScriptCaches (2ms)
			RebuildScriptCaches (59ms)
			SetupLoadedEditorAssemblies (367ms)
				LogAssemblyErrors (0ms)
				InitializePlatformSupportModulesInManaged (5ms)
				SetLoadedEditorAssemblies (1ms)
				RefreshPlugins (1ms)
				BeforeProcessingInitializeOnLoad (109ms)
				ProcessInitializeOnLoadAttributes (238ms)
				ProcessInitializeOnLoadMethodAttributes (5ms)
				AfterProcessingInitializeOnLoad (8ms)
				EditorAssembliesLoaded (0ms)
			ExecutionOrderSort2 (0ms)
			AwakeInstancesAfterBackupRestoration (19ms)
Platform modules already initialized, skipping
Refreshing native plugins compatible for Editor in 0.81 ms, found 2 plugins.
Preloading 0 native plugins for Editor in 0.00 ms.
Unloading 2771 Unused Serialized files (Serialized files now loaded: 0)
System memory in use before: 143.7 MB.
System memory in use after: 143.9 MB.

Unloading 12 unused Assets to reduce memory usage. Loaded Objects now: 3464.
Total: 4.650800 ms (FindLiveObjects: 0.381100 ms CreateObjectMapping: 0.275600 ms MarkObjects: 3.957100 ms  DeleteObjects: 0.027000 ms)

AssetImportParameters requested are different than current active one (requested -> active):
  custom:framework-win-MediaFoundation: 216162199b28c13a410421893ffa2e32 -> 
  custom:video-decoder-ogg-theora: a1e56fd34408186e4bbccfd4996cb3dc -> 
  custom:container-muxer-webm: aa71ff27fc2769a1b78a27578f13a17b -> 
  custom:container-demuxer-webm: 4f35f7cbe854078d1ac9338744f61a02 -> 
  custom:container-demuxer-ogg: 62fdf1f143b41e24485cea50d1cbac27 -> 
  custom:video-encoder-webm-vp8: eb34c28f22e8b96e1ab97ce403110664 -> 
  custom:video-decoder-webm-vp8: 9c59270c3fd7afecdb556c50c9e8de78 -> 
  custom:audio-decoder-ogg-vorbis: bf7c407c2cedff20999df2af8eb42d56 -> 
  custom:audio-encoder-webm-vorbis: bf7c407c2cedff20999df2af8eb42d56 -> 
AssetImportWorkerClient::OnTransportError - code=2 error=End of file
